2024-10-11T14:57:38.985+02:00  INFO 17000 --- [gallery] [main] com.alexstk.gallery.GalleryApplication   : Starting GalleryApplication using Java 20.0.2 with PID 17000 (C:\AWS\projects\aws-gallery\target\classes started by Oleksandr in C:\AWS\projects\aws-gallery)
2024-10-11T14:57:38.989+02:00  INFO 17000 --- [gallery] [main] com.alexstk.gallery.GalleryApplication   : No active profile set, falling back to 1 default profile: "default"
2024-10-11T14:57:39.831+02:00  INFO 17000 --- [gallery] [main] o.s.b.w.embedded.tomcat.TomcatWebServer  : Tomcat initialized with port 8080 (http)
2024-10-11T14:57:39.844+02:00  INFO 17000 --- [gallery] [main] o.apache.catalina.core.StandardService   : Starting service [Tomcat]
2024-10-11T14:57:39.844+02:00  INFO 17000 --- [gallery] [main] o.apache.catalina.core.StandardEngine    : Starting Servlet engine: [Apache Tomcat/10.1.30]
2024-10-11T14:57:39.896+02:00  INFO 17000 --- [gallery] [main] o.a.c.c.C.[Tomcat].[localhost].[/]       : Initializing Spring embedded WebApplicationContext
2024-10-11T14:57:39.896+02:00  INFO 17000 --- [gallery] [main] w.s.c.ServletWebServerApplicationContext : Root WebApplicationContext: initialization completed in 859 ms
2024-10-11T14:57:40.039+02:00 DEBUG 17000 --- [gallery] [main] s.w.s.m.m.a.RequestMappingHandlerMapping : 3 mappings in 'requestMappingHandlerMapping'
2024-10-11T14:57:40.097+02:00 DEBUG 17000 --- [gallery] [main] o.s.w.s.handler.SimpleUrlHandlerMapping  : Patterns [/webjars/**, /**] in 'resourceHandlerMapping'
2024-10-11T14:57:40.118+02:00 DEBUG 17000 --- [gallery] [main] s.w.s.m.m.a.RequestMappingHandlerAdapter : ControllerAdvice beans: 0 @ModelAttribute, 0 @InitBinder, 1 RequestBodyAdvice, 1 ResponseBodyAdvice
2024-10-11T14:57:40.149+02:00 DEBUG 17000 --- [gallery] [main] .m.m.a.ExceptionHandlerExceptionResolver : ControllerAdvice beans: 0 @ExceptionHandler, 1 ResponseBodyAdvice
2024-10-11T14:57:40.207+02:00  INFO 17000 --- [gallery] [main] o.s.b.w.embedded.tomcat.TomcatWebServer  : Tomcat started on port 8080 (http) with context path '/'
2024-10-11T14:57:40.214+02:00  INFO 17000 --- [gallery] [main] com.alexstk.gallery.GalleryApplication   : Started GalleryApplication in 1.617 seconds (process running for 1.971)
2024-10-11T14:57:50.384+02:00  INFO 17000 --- [gallery] [http-nio-8080-exec-1] o.a.c.c.C.[Tomcat].[localhost].[/]       : Initializing Spring DispatcherServlet 'dispatcherServlet'
2024-10-11T14:57:50.385+02:00  INFO 17000 --- [gallery] [http-nio-8080-exec-1] o.s.web.servlet.DispatcherServlet        : Initializing Servlet 'dispatcherServlet'
2024-10-11T14:57:50.386+02:00 DEBUG 17000 --- [gallery] [http-nio-8080-exec-1] o.s.web.servlet.DispatcherServlet        : Detected StandardServletMultipartResolver
2024-10-11T14:57:50.386+02:00 DEBUG 17000 --- [gallery] [http-nio-8080-exec-1] o.s.web.servlet.DispatcherServlet        : Detected AcceptHeaderLocaleResolver
2024-10-11T14:57:50.386+02:00 DEBUG 17000 --- [gallery] [http-nio-8080-exec-1] o.s.web.servlet.DispatcherServlet        : Detected FixedThemeResolver
2024-10-11T14:57:50.387+02:00 DEBUG 17000 --- [gallery] [http-nio-8080-exec-1] o.s.web.servlet.DispatcherServlet        : Detected org.springframework.web.servlet.view.DefaultRequestToViewNameTranslator@1b7a36eb
2024-10-11T14:57:50.388+02:00 DEBUG 17000 --- [gallery] [http-nio-8080-exec-1] o.s.web.servlet.DispatcherServlet        : Detected org.springframework.web.servlet.support.SessionFlashMapManager@25567e2
2024-10-11T14:57:50.388+02:00 DEBUG 17000 --- [gallery] [http-nio-8080-exec-1] o.s.web.servlet.DispatcherServlet        : enableLoggingRequestDetails='false': request parameters and headers will be masked to prevent unsafe logging of potentially sensitive data
2024-10-11T14:57:50.389+02:00  INFO 17000 --- [gallery] [http-nio-8080-exec-1] o.s.web.servlet.DispatcherServlet        : Completed initialization in 4 ms
2024-10-11T14:57:50.399+02:00 DEBUG 17000 --- [gallery] [http-nio-8080-exec-1] o.s.web.servlet.DispatcherServlet        : GET "/health", parameters={}
2024-10-11T14:57:50.410+02:00 DEBUG 17000 --- [gallery] [http-nio-8080-exec-1] s.w.s.m.m.a.RequestMappingHandlerMapping : Mapped to com.alexstk.gallery.controller.MainController#getHealth()
2024-10-11T14:57:50.436+02:00 DEBUG 17000 --- [gallery] [http-nio-8080-exec-1] m.m.a.RequestResponseBodyMethodProcessor : Using 'text/html', given [text/html, application/xhtml+xml, image/avif, image/webp, image/apng, application/xml;q=0.9, */*;q=0.8, application/signed-exchange;v=b3;q=0.7] and supported [text/plain, */*, application/json, application/*+json]
2024-10-11T14:57:50.437+02:00 DEBUG 17000 --- [gallery] [http-nio-8080-exec-1] m.m.a.RequestResponseBodyMethodProcessor : Writing ["Hello from EC2"]
2024-10-11T14:57:50.444+02:00 DEBUG 17000 --- [gallery] [http-nio-8080-exec-1] o.s.web.servlet.DispatcherServlet        : Completed 200 OK
2024-10-11T14:57:50.563+02:00 DEBUG 17000 --- [gallery] [http-nio-8080-exec-2] o.s.web.servlet.DispatcherServlet        : GET "/favicon.ico", parameters={}
2024-10-11T14:57:50.567+02:00 DEBUG 17000 --- [gallery] [http-nio-8080-exec-2] o.s.w.s.handler.SimpleUrlHandlerMapping  : Mapped to ResourceHttpRequestHandler [classpath [META-INF/resources/], classpath [resources/], classpath [static/], classpath [public/], ServletContext [/]]
2024-10-11T14:57:50.570+02:00 DEBUG 17000 --- [gallery] [http-nio-8080-exec-2] o.s.w.s.r.ResourceHttpRequestHandler     : Resource not found
2024-10-11T14:57:50.573+02:00 DEBUG 17000 --- [gallery] [http-nio-8080-exec-2] .w.s.m.s.DefaultHandlerExceptionResolver : Resolved [org.springframework.web.servlet.resource.NoResourceFoundException: No static resource favicon.ico.]
2024-10-11T14:57:50.573+02:00 DEBUG 17000 --- [gallery] [http-nio-8080-exec-2] o.s.web.servlet.DispatcherServlet        : Completed 404 NOT_FOUND
2024-10-11T14:57:50.579+02:00 DEBUG 17000 --- [gallery] [http-nio-8080-exec-2] o.s.web.servlet.DispatcherServlet        : "ERROR" dispatch for GET "/error", parameters={}
2024-10-11T14:57:50.581+02:00 DEBUG 17000 --- [gallery] [http-nio-8080-exec-2] s.w.s.m.m.a.RequestMappingHandlerMapping : Mapped to org.springframework.boot.autoconfigure.web.servlet.error.BasicErrorController#error(HttpServletRequest)
2024-10-11T14:57:50.592+02:00 DEBUG 17000 --- [gallery] [http-nio-8080-exec-2] o.s.w.s.m.m.a.HttpEntityMethodProcessor  : Using 'application/json;q=0.8', given [image/avif, image/webp, image/apng, image/svg+xml, image/*, */*;q=0.8] and supported [application/json, application/*+json]
2024-10-11T14:57:50.594+02:00 DEBUG 17000 --- [gallery] [http-nio-8080-exec-2] o.s.w.s.m.m.a.HttpEntityMethodProcessor  : Writing [{timestamp=Fri Oct 11 14:57:50 CEST 2024, status=404, error=Not Found, path=/favicon.ico}]
2024-10-11T14:57:50.634+02:00 DEBUG 17000 --- [gallery] [http-nio-8080-exec-2] o.s.web.servlet.DispatcherServlet        : Exiting from "ERROR" dispatch, status 404
2024-10-11T14:58:39.458+02:00  INFO 18676 --- [gallery] [main] com.alexstk.gallery.GalleryApplication   : Starting GalleryApplication using Java 20.0.2 with PID 18676 (C:\AWS\projects\aws-gallery\target\classes started by Oleksandr in C:\AWS\projects\aws-gallery)
2024-10-11T14:58:39.460+02:00  INFO 18676 --- [gallery] [main] com.alexstk.gallery.GalleryApplication   : No active profile set, falling back to 1 default profile: "default"
2024-10-11T14:58:40.274+02:00  INFO 18676 --- [gallery] [main] o.s.b.w.embedded.tomcat.TomcatWebServer  : Tomcat initialized with port 8080 (http)
2024-10-11T14:58:40.288+02:00  INFO 18676 --- [gallery] [main] o.apache.catalina.core.StandardService   : Starting service [Tomcat]
2024-10-11T14:58:40.288+02:00  INFO 18676 --- [gallery] [main] o.apache.catalina.core.StandardEngine    : Starting Servlet engine: [Apache Tomcat/10.1.30]
2024-10-11T14:58:40.334+02:00  INFO 18676 --- [gallery] [main] o.a.c.c.C.[Tomcat].[localhost].[/]       : Initializing Spring embedded WebApplicationContext
2024-10-11T14:58:40.334+02:00  INFO 18676 --- [gallery] [main] w.s.c.ServletWebServerApplicationContext : Root WebApplicationContext: initialization completed in 824 ms
2024-10-11T14:58:40.466+02:00 DEBUG 18676 --- [gallery] [main] s.w.s.m.m.a.RequestMappingHandlerMapping : 3 mappings in 'requestMappingHandlerMapping'
2024-10-11T14:58:40.523+02:00 DEBUG 18676 --- [gallery] [main] o.s.w.s.handler.SimpleUrlHandlerMapping  : Patterns [/webjars/**, /**] in 'resourceHandlerMapping'
2024-10-11T14:58:40.549+02:00 DEBUG 18676 --- [gallery] [main] s.w.s.m.m.a.RequestMappingHandlerAdapter : ControllerAdvice beans: 0 @ModelAttribute, 0 @InitBinder, 1 RequestBodyAdvice, 1 ResponseBodyAdvice
2024-10-11T14:58:40.573+02:00 DEBUG 18676 --- [gallery] [main] .m.m.a.ExceptionHandlerExceptionResolver : ControllerAdvice beans: 0 @ExceptionHandler, 1 ResponseBodyAdvice
2024-10-11T14:58:40.635+02:00  INFO 18676 --- [gallery] [main] o.s.b.w.embedded.tomcat.TomcatWebServer  : Tomcat started on port 8080 (http) with context path '/'
2024-10-11T14:58:40.645+02:00  INFO 18676 --- [gallery] [main] com.alexstk.gallery.GalleryApplication   : Started GalleryApplication in 1.579 seconds (process running for 1.891)
2024-10-11T14:58:47.694+02:00  INFO 18676 --- [gallery] [http-nio-8080-exec-1] o.a.c.c.C.[Tomcat].[localhost].[/]       : Initializing Spring DispatcherServlet 'dispatcherServlet'
2024-10-11T14:58:47.694+02:00  INFO 18676 --- [gallery] [http-nio-8080-exec-1] o.s.web.servlet.DispatcherServlet        : Initializing Servlet 'dispatcherServlet'
2024-10-11T14:58:47.695+02:00 DEBUG 18676 --- [gallery] [http-nio-8080-exec-1] o.s.web.servlet.DispatcherServlet        : Detected StandardServletMultipartResolver
2024-10-11T14:58:47.695+02:00 DEBUG 18676 --- [gallery] [http-nio-8080-exec-1] o.s.web.servlet.DispatcherServlet        : Detected AcceptHeaderLocaleResolver
2024-10-11T14:58:47.695+02:00 DEBUG 18676 --- [gallery] [http-nio-8080-exec-1] o.s.web.servlet.DispatcherServlet        : Detected FixedThemeResolver
2024-10-11T14:58:47.695+02:00 DEBUG 18676 --- [gallery] [http-nio-8080-exec-1] o.s.web.servlet.DispatcherServlet        : Detected org.springframework.web.servlet.view.DefaultRequestToViewNameTranslator@4c6d20c6
2024-10-11T14:58:47.695+02:00 DEBUG 18676 --- [gallery] [http-nio-8080-exec-1] o.s.web.servlet.DispatcherServlet        : Detected org.springframework.web.servlet.support.SessionFlashMapManager@59b21b13
2024-10-11T14:58:47.696+02:00 DEBUG 18676 --- [gallery] [http-nio-8080-exec-1] o.s.web.servlet.DispatcherServlet        : enableLoggingRequestDetails='false': request parameters and headers will be masked to prevent unsafe logging of potentially sensitive data
2024-10-11T14:58:47.696+02:00  INFO 18676 --- [gallery] [http-nio-8080-exec-1] o.s.web.servlet.DispatcherServlet        : Completed initialization in 2 ms
2024-10-11T14:58:47.702+02:00 DEBUG 18676 --- [gallery] [http-nio-8080-exec-1] o.s.web.servlet.DispatcherServlet        : GET "/health", parameters={}
2024-10-11T14:58:47.712+02:00 DEBUG 18676 --- [gallery] [http-nio-8080-exec-1] s.w.s.m.m.a.RequestMappingHandlerMapping : Mapped to com.alexstk.gallery.controller.MainController#getHealth()
2024-10-11T14:58:47.732+02:00 DEBUG 18676 --- [gallery] [http-nio-8080-exec-1] m.m.a.RequestResponseBodyMethodProcessor : Using 'text/html', given [text/html, application/xhtml+xml, image/avif, image/webp, image/apng, application/xml;q=0.9, */*;q=0.8, application/signed-exchange;v=b3;q=0.7] and supported [text/plain, */*, application/json, application/*+json]
2024-10-11T14:58:47.732+02:00 DEBUG 18676 --- [gallery] [http-nio-8080-exec-1] m.m.a.RequestResponseBodyMethodProcessor : Writing ["Hello from EC2"]
2024-10-11T14:58:47.738+02:00 DEBUG 18676 --- [gallery] [http-nio-8080-exec-1] o.s.web.servlet.DispatcherServlet        : Completed 200 OK
